TN:
SF:contracts/smart-account/BaseSmartAccount.sol
FN:36,BaseSmartAccount.nonce
FNDA:0,BaseSmartAccount.nonce
DA:39,0
FN:53,BaseSmartAccount._payPrefund
FNDA:45,BaseSmartAccount._payPrefund
DA:54,45
BRDA:54,0,0,-
BRDA:54,0,1,-
DA:55,0
FNF:2
FNH:1
LF:3
LH:1
BRF:2
BRH:0
end_of_record
TN:
SF:contracts/smart-account/Proxy.sol
FN:20,Proxy.
FNDA:119,Proxy.
DA:21,119
DA:23,119
FNF:1
FNH:1
LF:2
LH:2
BRF:0
BRH:0
end_of_record
TN:
SF:contracts/smart-account/SmartAccount.sol
FN:79,SmartAccount.init
FNDA:1,SmartAccount.init
DA:90,1
DA:91,1
BRDA:89,0,0,-
BRDA:89,0,1,1
DA:92,0
DA:93,1
DA:94,1
FN:98,SmartAccount.execute
FNDA:45,SmartAccount.execute
DA:103,45
FN:107,SmartAccount.executeBatch
FNDA:0,SmartAccount.executeBatch
DA:112,0
FN:116,SmartAccount.validateUserOp
FNDA:45,SmartAccount.validateUserOp
DA:126,45
BRDA:126,1,0,-
BRDA:126,1,1,45
DA:127,0
DA:130,45
DA:134,45
BRDA:134,2,0,-
BRDA:134,2,1,45
DA:135,45
DA:138,0
DA:141,45
FN:145,SmartAccount.enableModule
FNDA:1,SmartAccount.enableModule
DA:148,1
DA:149,1
FN:153,SmartAccount.setupAndEnableModule
FNDA:7,SmartAccount.setupAndEnableModule
DA:162,7
DA:163,7
FN:167,SmartAccount.setFallbackHandler
FNDA:0,SmartAccount.setFallbackHandler
DA:168,0
DA:169,0
FN:173,SmartAccount.getImplementation
FNDA:0,SmartAccount.getImplementation
DA:180,0
FN:185,SmartAccount.supportsInterface
FNDA:0,SmartAccount.supportsInterface
DA:188,0
FN:192,SmartAccount.updateImplementation
FNDA:0,SmartAccount.updateImplementation
DA:195,0
DA:196,0
BRDA:196,3,0,-
BRDA:196,3,1,-
DA:197,0
BRDA:197,4,0,-
BRDA:197,4,1,-
DA:198,0
DA:200,0
DA:203,0
DA:206,0
FN:212,SmartAccount.execute_ncC
FNDA:0,SmartAccount.execute_ncC
DA:217,45
DA:218,45
FN:222,SmartAccount.executeBatch_y6U
FNDA:0,SmartAccount.executeBatch_y6U
DA:227,0
DA:229,0
DA:230,0
DA:231,0
BRDA:228,5,0,-
BRDA:228,5,1,-
DA:233,0
DA:240,0
DA:241,0
DA:243,0
FN:251,SmartAccount.addDeposit
FNDA:0,SmartAccount.addDeposit
DA:252,0
FN:256,SmartAccount.withdrawDepositTo
FNDA:0,SmartAccount.withdrawDepositTo
DA:260,0
DA:261,0
FN:265,SmartAccount.disableModule
FNDA:0,SmartAccount.disableModule
DA:269,0
DA:270,0
FN:274,SmartAccount.entryPoint
FNDA:0,SmartAccount.entryPoint
DA:281,98
FN:285,SmartAccount.getDeposit
FNDA:0,SmartAccount.getDeposit
DA:286,0
FN:290,SmartAccount.isValidSignature
FNDA:0,SmartAccount.isValidSignature
DA:294,0
DA:298,0
BRDA:298,6,0,-
BRDA:298,6,1,-
DA:299,0
DA:300,0
DA:305,0
FN:316,SmartAccount._call
FNDA:45,SmartAccount._call
DA:329,45
BRDA:329,7,0,21
FN:341,SmartAccount._requireFromEntryPointOrSelf
FNDA:8,SmartAccount._requireFromEntryPointOrSelf
DA:343,8
BRDA:342,8,0,-
BRDA:342,8,1,8
DA:345,0
FN:355,SmartAccount._requireFromEntryPoint
FNDA:45,SmartAccount._requireFromEntryPoint
DA:356,45
BRDA:356,9,0,-
BRDA:356,9,1,45
DA:357,0
FNF:21
FNH:8
LF:56
LH:20
BRF:19
BRH:6
end_of_record
TN:
SF:contracts/smart-account/base/Executor.sol
FN:18,Executor._execute
FNDA:8,Executor._execute
DA:25,8
BRDA:25,0,0,-
BRDA:25,0,1,8
DA:27,0
DA:38,8
DA:49,8
BRDA:49,1,0,7
BRDA:49,1,1,1
DA:50,1
FNF:1
FNH:1
LF:5
LH:4
BRF:4
BRH:3
end_of_record
TN:
SF:contracts/smart-account/base/FallbackManager.sol
FN:19,FallbackManager.
FNDA:0,FallbackManager.
DA:20,0
DA:24,0
BRDA:24,0,0,-
DA:42,0
BRDA:42,1,0,-
FN:53,FallbackManager.getFallbackHandler
FNDA:0,FallbackManager.getFallbackHandler
DA:60,1
FN:69,FallbackManager._setFallbackHandler
FNDA:1,FallbackManager._setFallbackHandler
DA:70,1
BRDA:70,2,0,-
BRDA:70,2,1,1
DA:71,1
DA:74,1
DA:77,1
FNF:3
FNH:1
LF:8
LH:5
BRF:4
BRH:1
end_of_record
TN:
SF:contracts/smart-account/base/ModuleManager.sol
FN:27,ModuleManager.getModulesPaginated
FNDA:0,ModuleManager.getModulesPaginated
DA:32,0
DA:35,0
DA:36,0
DA:38,0
DA:39,0
DA:40,0
DA:42,0
DA:43,0
DA:44,0
DA:46,0
FN:55,ModuleManager.execTransactionFromModule
FNDA:0,ModuleManager.execTransactionFromModule
DA:64,8
BRDA:63,0,0,-
BRDA:63,0,1,8
DA:65,0
DA:68,8
DA:69,8
FN:79,ModuleManager.execTransactionFromModule
FNDA:1,ModuleManager.execTransactionFromModule
DA:85,1
FN:89,ModuleManager.execTransactionFromModuleReturnData
FNDA:0,ModuleManager.execTransactionFromModuleReturnData
DA:96,7
DA:109,7
FN:114,ModuleManager.execTransactionFromModuleReturnData
FNDA:7,ModuleManager.execTransactionFromModuleReturnData
DA:120,7
DA:121,7
FN:125,ModuleManager.execBatchTransactionFromModule
FNDA:0,ModuleManager.execBatchTransactionFromModule
DA:132,0
DA:133,0
DA:134,0
DA:135,0
BRDA:131,1,0,-
BRDA:131,1,1,-
DA:137,0
DA:147,0
BRDA:146,2,0,-
BRDA:146,2,1,-
DA:148,0
DA:150,0
DA:152,0
DA:160,0
FN:166,ModuleManager.isModuleEnabled
FNDA:11,ModuleManager.isModuleEnabled
DA:169,11
FN:178,ModuleManager._enableModule
FNDA:8,ModuleManager._enableModule
DA:180,8
BRDA:180,3,0,1
BRDA:180,3,1,7
DA:181,1
DA:184,7
BRDA:184,4,0,-
BRDA:184,4,1,7
DA:186,7
DA:187,7
DA:189,7
FN:196,ModuleManager._setupAndEnableModule
FNDA:7,ModuleManager._setupAndEnableModule
DA:200,7
DA:201,7
DA:202,6
FN:212,ModuleManager._disableModule
FNDA:0,ModuleManager._disableModule
DA:217,0
BRDA:217,5,0,-
BRDA:217,5,1,-
DA:218,0
DA:220,0
BRDA:220,6,0,-
BRDA:220,6,1,-
DA:221,0
DA:227,0
DA:228,0
DA:229,0
FN:240,ModuleManager._executeFromModule
FNDA:8,ModuleManager._executeFromModule
DA:247,8
DA:248,8
BRDA:248,7,0,7
BRDA:248,7,1,1
DA:249,7
DA:250,7
DA:252,1
FN:261,ModuleManager._initialSetupModules
FNDA:1,ModuleManager._initialSetupModules
DA:265,1
DA:272,1
DA:273,1
BRDA:271,8,0,-
BRDA:271,8,1,1
DA:275,0
DA:278,1
DA:279,1
DA:280,1
FN:291,ModuleManager._setupModule
FNDA:8,ModuleManager._setupModule
DA:295,8
BRDA:295,9,0,-
BRDA:295,9,1,8
DA:308,8
BRDA:308,10,0,-
DA:311,8
FNF:13
FNH:8
LF:61
LH:32
BRF:21
BRH:8
end_of_record
TN:
SF:contracts/smart-account/common/SelfAuthorized.sol
FN:26,SelfAuthorized._requireSelfCall
FNDA:0,SelfAuthorized._requireSelfCall
DA:27,0
BRDA:27,0,0,-
BRDA:27,0,1,-
FNF:1
FNH:0
LF:1
LH:0
BRF:2
BRH:0
end_of_record
TN:
SF:contracts/smart-account/common/Stakeable.sol
FN:23,Stakeable.addStake
FNDA:0,Stakeable.addStake
DA:27,0
BRDA:27,0,0,-
BRDA:27,0,1,-
DA:28,0
FN:36,Stakeable.unlockStake
FNDA:0,Stakeable.unlockStake
DA:37,0
BRDA:37,1,0,-
BRDA:37,1,1,-
DA:38,0
FN:47,Stakeable.withdrawStake
FNDA:0,Stakeable.withdrawStake
DA:51,0
BRDA:51,2,0,-
BRDA:51,2,1,-
DA:52,0
FNF:3
FNH:0
LF:6
LH:0
BRF:6
BRH:0
end_of_record
TN:
SF:contracts/smart-account/factory/SmartAccountFactory.sol
FN:33,SmartAccountFactory.getAddressForCounterFactualAccount
FNDA:0,SmartAccountFactory.getAddressForCounterFactualAccount
DA:39,0
DA:43,0
DA:47,0
DA:50,0
DA:53,0
FN:57,SmartAccountFactory.deployCounterFactualAccount
FNDA:1,SmartAccountFactory.deployCounterFactualAccount
DA:63,1
DA:67,1
DA:71,1
DA:77,1
DA:84,1
BRDA:84,0,0,-
BRDA:84,0,1,1
DA:86,1
DA:88,1
BRDA:88,1,0,-
BRDA:88,1,1,1
DA:101,1
BRDA:101,2,0,-
DA:104,1
DA:107,1
FN:111,SmartAccountFactory.deployAccount
FNDA:0,SmartAccountFactory.deployAccount
DA:115,0
DA:121,0
DA:127,0
BRDA:127,3,0,-
BRDA:127,3,1,-
DA:129,0
DA:133,0
DA:135,0
BRDA:135,4,0,-
BRDA:135,4,1,-
DA:148,0
BRDA:148,5,0,-
DA:151,0
DA:154,0
FN:158,SmartAccountFactory.accountCreationCode
FNDA:0,SmartAccountFactory.accountCreationCode
DA:159,0
FN:168,SmartAccountFactory._getInitializer
FNDA:1,SmartAccountFactory._getInitializer
DA:172,1
DA:173,1
FNF:5
FNH:2
LF:27
LH:12
BRF:10
BRH:2
end_of_record
TN:
SF:contracts/smart-account/handler/DefaultCallbackHandler.sol
FN:26,DefaultCallbackHandler.
FNDA:0,DefaultCallbackHandler.
DA:27,0
FN:36,DefaultCallbackHandler.supportsInterface
FNDA:0,DefaultCallbackHandler.supportsInterface
DA:39,0
DA:40,0
DA:41,0
DA:42,0
DA:43,0
FN:50,DefaultCallbackHandler.onERC1155Received
FNDA:0,DefaultCallbackHandler.onERC1155Received
DA:57,0
FN:64,DefaultCallbackHandler.onERC1155BatchReceived
FNDA:0,DefaultCallbackHandler.onERC1155BatchReceived
DA:71,0
FN:78,DefaultCallbackHandler.onERC721Received
FNDA:0,DefaultCallbackHandler.onERC721Received
DA:84,0
FN:91,DefaultCallbackHandler.tokensReceived
FNDA:0,DefaultCallbackHandler.tokensReceived
FNF:6
FNH:0
LF:9
LH:0
BRF:0
BRH:0
end_of_record
TN:
SF:contracts/smart-account/libs/LibAddress.sol
FN:11,LibAddress.isContract
FNDA:0,LibAddress.isContract
DA:12,0
DA:15,0
DA:17,0
FNF:1
FNH:0
LF:3
LH:0
BRF:0
BRH:0
end_of_record
TN:
SF:contracts/smart-account/modules/EcdsaOwnershipRegistryModule.sol
FN:38,EcdsaOwnershipRegistryModule.initForSmartAccount
FNDA:7,EcdsaOwnershipRegistryModule.initForSmartAccount
DA:41,7
BRDA:41,0,0,-
BRDA:41,0,1,7
DA:42,0
DA:44,7
BRDA:44,1,0,-
BRDA:44,1,1,7
DA:45,7
DA:46,7
FN:50,EcdsaOwnershipRegistryModule.transferOwnership
FNDA:0,EcdsaOwnershipRegistryModule.transferOwnership
DA:51,0
BRDA:51,2,0,-
BRDA:51,2,1,-
DA:52,0
BRDA:52,3,0,-
BRDA:52,3,1,-
DA:53,0
FN:57,EcdsaOwnershipRegistryModule.renounceOwnership
FNDA:0,EcdsaOwnershipRegistryModule.renounceOwnership
DA:58,0
FN:62,EcdsaOwnershipRegistryModule.getOwner
FNDA:1,EcdsaOwnershipRegistryModule.getOwner
DA:65,1
DA:66,1
BRDA:66,4,0,-
BRDA:66,4,1,1
DA:67,0
DA:69,1
FN:73,EcdsaOwnershipRegistryModule.validateUserOp
FNDA:45,EcdsaOwnershipRegistryModule.validateUserOp
DA:77,45
DA:81,45
BRDA:81,5,0,45
BRDA:81,5,1,-
DA:82,45
DA:84,0
FN:95,EcdsaOwnershipRegistryModule.isValidSignature
FNDA:0,EcdsaOwnershipRegistryModule.isValidSignature
DA:99,0
DA:100,0
FN:104,EcdsaOwnershipRegistryModule.isValidSignatureForAddress
FNDA:0,EcdsaOwnershipRegistryModule.isValidSignatureForAddress
DA:109,0
BRDA:109,6,0,-
BRDA:109,6,1,-
DA:110,0
DA:112,0
FN:119,EcdsaOwnershipRegistryModule._transferOwnership
FNDA:0,EcdsaOwnershipRegistryModule._transferOwnership
DA:123,0
DA:124,0
DA:125,0
FN:139,EcdsaOwnershipRegistryModule._verifySignature
FNDA:45,EcdsaOwnershipRegistryModule._verifySignature
DA:144,45
DA:145,45
BRDA:145,7,0,-
BRDA:145,7,1,45
DA:146,0
DA:148,45
BRDA:148,8,0,-
BRDA:148,8,1,45
DA:149,45
DA:152,45
BRDA:152,9,0,-
BRDA:152,9,1,45
DA:153,0
DA:155,45
DA:156,45
BRDA:156,10,0,45
BRDA:156,10,1,-
DA:157,45
DA:159,0
FN:166,EcdsaOwnershipRegistryModule._isSmartContract
FNDA:0,EcdsaOwnershipRegistryModule._isSmartContract
DA:167,0
DA:169,0
DA:171,0
FNF:10
FNH:4
LF:39
LH:18
BRF:22
BRH:8
end_of_record
TN:
SF:contracts/smart-account/modules/MultichainECDSAValidator.sol
FN:35,MultichainECDSAValidator.validateUserOp
FNDA:0,MultichainECDSAValidator.validateUserOp
DA:39,0
DA:44,0
DA:47,0
DA:50,0
BRDA:50,0,0,-
BRDA:50,0,1,-
DA:52,0
DA:53,0
DA:63,0
DA:69,0
DA:75,0
DA:79,0
BRDA:79,1,0,-
BRDA:79,1,1,-
DA:80,0
DA:83,0
DA:84,0
FNF:1
FNH:0
LF:13
LH:0
BRF:4
BRH:0
end_of_record
TN:
SF:contracts/smart-account/modules/SecurityPolicies/ERC7484SecurityPolicy.sol
FN:21,ERC7484SecurityPolicyPlugin.setConfiguration
FNDA:2,ERC7484SecurityPolicyPlugin.setConfiguration
DA:24,2
DA:25,2
FN:29,ERC7484SecurityPolicyPlugin.validateSecurityPolicy
FNDA:4,ERC7484SecurityPolicyPlugin.validateSecurityPolicy
DA:33,4
DA:36,4
DA:37,3
BRDA:35,0,0,1
BRDA:35,0,1,3
DA:39,1
DA:42,3
FN:50,ERC7484SecurityPolicyPlugin.configuration
FNDA:9,ERC7484SecurityPolicyPlugin.configuration
DA:53,9
FNF:3
FNH:3
LF:8
LH:8
BRF:2
BRH:2
end_of_record
TN:
SF:contracts/smart-account/modules/SecurityPolicyManagerPlugin.sol
FN:21,SecurityPolicyManagerPlugin.checkSetupAndEnableModule
FNDA:7,SecurityPolicyManagerPlugin.checkSetupAndEnableModule
DA:26,7
DA:27,7
DA:37,7
BRDA:37,0,0,1
BRDA:37,0,1,6
DA:38,1
DA:41,6
DA:44,6
BRDA:44,1,0,-
BRDA:44,1,1,6
DA:45,0
DA:49,6
DA:51,2
FN:55,SecurityPolicyManagerPlugin.checkAndEnableModule
FNDA:3,SecurityPolicyManagerPlugin.checkAndEnableModule
DA:59,3
BRDA:59,2,0,1
BRDA:59,2,1,2
DA:60,1
DA:64,2
DA:67,1
DA:68,1
DA:74,1
BRDA:74,3,0,-
BRDA:74,3,1,1
DA:75,0
DA:78,1
FN:84,SecurityPolicyManagerPlugin.enableSecurityPolicy
FNDA:6,SecurityPolicyManagerPlugin.enableSecurityPolicy
DA:88,6
DA:89,5
BRDA:87,4,0,2
BRDA:87,4,1,4
DA:91,2
DA:94,4
DA:99,4
BRDA:99,5,0,1
BRDA:99,5,1,3
DA:100,1
DA:103,3
DA:104,3
DA:107,3
DA:109,3
FN:113,SecurityPolicyManagerPlugin.enableSecurityPolicies
FNDA:17,SecurityPolicyManagerPlugin.enableSecurityPolicies
DA:116,17
DA:121,17
DA:123,17
BRDA:123,6,0,1
BRDA:123,6,1,16
DA:124,1
DA:127,16
DA:129,16
DA:130,50
DA:132,50
BRDA:132,7,0,2
BRDA:132,7,1,48
DA:133,2
DA:136,48
BRDA:136,8,0,1
BRDA:136,8,1,47
DA:137,1
DA:140,47
DA:143,47
DA:145,47
DA:148,47
DA:152,13
FN:156,SecurityPolicyManagerPlugin.disableSecurityPolicy
FNDA:6,SecurityPolicyManagerPlugin.disableSecurityPolicy
DA:161,6
DA:162,5
BRDA:160,9,0,2
BRDA:160,9,1,4
DA:164,2
DA:167,4
DA:172,4
BRDA:172,10,0,2
BRDA:172,10,1,2
DA:173,2
DA:176,2
BRDA:176,11,0,1
BRDA:176,11,1,1
DA:177,1
DA:180,1
DA:183,1
DA:185,1
FN:190,SecurityPolicyManagerPlugin.disableSecurityPoliciesRange
FNDA:6,SecurityPolicyManagerPlugin.disableSecurityPoliciesRange
DA:195,6
DA:200,6
BRDA:200,12,0,1
BRDA:200,12,1,5
DA:201,1
DA:205,5
DA:206,5
BRDA:204,13,0,-
BRDA:204,13,1,5
DA:208,0
DA:212,5
DA:213,5
BRDA:211,14,0,-
BRDA:211,14,1,5
DA:215,0
DA:218,5
DA:222,5
DA:223,5
DA:225,14
DA:226,14
DA:228,14
DA:230,14
BRDA:230,15,0,4
BRDA:230,15,1,10
DA:231,4
DA:232,4
DA:235,10
BRDA:235,16,0,1
BRDA:235,16,1,9
DA:236,1
DA:239,9
DA:242,5
BRDA:242,17,0,1
BRDA:242,17,1,4
DA:243,1
FN:248,SecurityPolicyManagerPlugin.securityPoliciesPaginated
FNDA:29,SecurityPolicyManagerPlugin.securityPoliciesPaginated
DA:258,29
DA:259,29
DA:261,29
DA:266,29
BRDA:266,18,0,23
BRDA:266,18,1,29
DA:267,23
DA:270,29
DA:282,79
DA:283,71
DA:284,55
BRDA:272,19,0,-
BRDA:272,19,1,56
FN:294,SecurityPolicyManagerPlugin._validateSecurityPolicies
FNDA:8,SecurityPolicyManagerPlugin._validateSecurityPolicies
DA:295,8
DA:300,8
DA:301,17
DA:302,14
DA:303,9
DA:306,3
FNF:8
FNH:8
LF:92
LH:88
BRF:40
BRH:35
end_of_record
TN:
SF:contracts/smart-account/test/mocks/MockToken.sol
FN:9,MockToken.mint
FNDA:0,MockToken.mint
DA:10,0
FN:13,MockToken.decimals
FNDA:0,MockToken.decimals
DA:14,0
FNF:2
FNH:0
LF:2
LH:0
BRF:0
BRH:0
end_of_record
TN:
SF:test/foundry/base/RhinestoneTestBase.sol
FN:9,RhinestoneTestBase.setUp
FNDA:0,RhinestoneTestBase.setUp
DA:10,0
DA:11,0
DA:13,0
FNF:1
FNH:0
LF:3
LH:0
BRF:0
BRH:0
end_of_record
TN:
SF:test/foundry/base/SATestBase.sol
FN:74,SATestBase.getNextPrivateKey
FNDA:0,SATestBase.getNextPrivateKey
DA:75,0
FN:78,SATestBase.setUp
FNDA:0,SATestBase.setUp
DA:80,0
DA:81,0
DA:82,0
DA:86,0
DA:90,0
DA:91,0
DA:93,0
DA:94,0
DA:96,0
DA:97,0
DA:102,0
DA:103,0
DA:105,0
DA:106,0
DA:108,0
DA:109,0
DA:111,0
DA:112,0
DA:114,0
DA:115,0
DA:117,0
DA:118,0
DA:121,0
DA:122,0
DA:125,0
DA:126,0
DA:129,0
DA:130,0
DA:132,0
DA:133,0
DA:135,0
DA:139,0
DA:142,0
DA:143,0
FN:150,SATestBase.getSmartAccountWithModule
FNDA:0,SATestBase.getSmartAccountWithModule
DA:156,0
DA:165,0
FN:168,SATestBase.getSmartAccountExecuteCalldata
FNDA:0,SATestBase.getSmartAccountExecuteCalldata
DA:173,0
FN:176,SATestBase.getUserOperationEventData
FNDA:0,SATestBase.getUserOperationEventData
DA:179,0
DA:180,0
BRDA:180,0,0,-
BRDA:180,0,1,-
DA:181,0
DA:183,0
DA:184,0
DA:185,0
DA:186,0
DA:192,0
DA:194,0
FN:197,SATestBase.getUserOperationRevertReasonEventData
FNDA:0,SATestBase.getUserOperationRevertReasonEventData
DA:200,0
DA:201,0
BRDA:201,1,0,-
BRDA:201,1,1,-
DA:202,0
DA:204,0
DA:205,0
DA:206,0
DA:210,0
DA:212,0
FN:215,SATestBase.arraifyOps
FNDA:0,SATestBase.arraifyOps
DA:218,0
DA:219,0
DA:220,0
FN:223,SATestBase.arraifyOps
FNDA:0,SATestBase.arraifyOps
DA:227,0
DA:228,0
DA:229,0
DA:230,0
FN:233,SATestBase.arraifyOps
FNDA:0,SATestBase.arraifyOps
DA:238,0
DA:239,0
DA:240,0
DA:241,0
DA:242,0
FN:246,SATestBase.getEcdsaOwnershipRegistryModuleSetupData
FNDA:0,SATestBase.getEcdsaOwnershipRegistryModuleSetupData
DA:249,0
DA:250,0
FN:257,SATestBase.makeEcdsaModuleUserOp
FNDA:0,SATestBase.makeEcdsaModuleUserOp
DA:263,0
DA:278,0
DA:279,0
DA:283,0
FNF:11
FNH:0
LF:73
LH:0
BRF:4
BRH:0
end_of_record
TN:
SF:test/foundry/module/SecurityPolicy/SecurityPolicyManagerPlugin.ModuleInstallation.t.sol
FN:26,TestSecurityPolicyPlugin.validateSecurityPolicy
FNDA:10,TestSecurityPolicyPlugin.validateSecurityPolicy
DA:30,10
DA:31,10
BRDA:31,0,0,2
BRDA:31,0,1,8
DA:32,2
FN:36,TestSecurityPolicyPlugin.setShouldRevert
FNDA:2,TestSecurityPolicyPlugin.setShouldRevert
DA:37,2
FN:42,TestSetupContractBlacklistReturn.initForSmartAccount
FNDA:0,TestSetupContractBlacklistReturn.initForSmartAccount
DA:43,0
FNF:3
FNH:2
LF:5
LH:4
BRF:2
BRH:2
end_of_record
TN:
SF:test/foundry/module/SecurityPolicy/SecurityPolicyManagerPlugin.PluginManagementTest.t.sol
FN:14,TestSecurityPolicyPlugin.validateSecurityPolicy
FNDA:0,TestSecurityPolicyPlugin.validateSecurityPolicy
DA:15,0
BRDA:15,0,0,-
BRDA:15,0,1,-
FNF:1
FNH:0
LF:1
LH:0
BRF:2
BRH:0
end_of_record
