TN:
SF:contracts/smart-account/BaseSmartAccount.sol
FN:36,BaseSmartAccount.nonce
FNDA:0,BaseSmartAccount.nonce
DA:39,0
FN:53,BaseSmartAccount._payPrefund
FNDA:119,BaseSmartAccount._payPrefund
DA:54,119
BRDA:54,0,0,-
BRDA:54,0,1,-
DA:55,0
FNF:2
FNH:1
LF:3
LH:1
BRF:2
BRH:0
end_of_record
TN:
SF:contracts/smart-account/Proxy.sol
FN:20,Proxy.
FNDA:372,Proxy.
DA:21,372
DA:23,372
FNF:1
FNH:1
LF:2
LH:2
BRF:0
BRH:0
end_of_record
TN:
SF:contracts/smart-account/SmartAccount.sol
FN:79,SmartAccount.init
FNDA:55,SmartAccount.init
DA:90,55
DA:91,55
BRDA:89,0,0,-
BRDA:89,0,1,55
DA:92,0
DA:93,55
DA:94,55
FN:98,SmartAccount.execute
FNDA:116,SmartAccount.execute
DA:103,116
FN:107,SmartAccount.executeBatch
FNDA:0,SmartAccount.executeBatch
DA:112,0
FN:116,SmartAccount.validateUserOp
FNDA:124,SmartAccount.validateUserOp
DA:126,124
BRDA:126,1,0,-
BRDA:126,1,1,124
DA:127,0
DA:130,124
DA:134,124
BRDA:134,2,0,5
BRDA:134,2,1,119
DA:135,124
DA:138,0
DA:141,119
FN:145,SmartAccount.enableModule
FNDA:35,SmartAccount.enableModule
DA:148,35
DA:149,35
FN:153,SmartAccount.setupAndEnableModule
FNDA:7,SmartAccount.setupAndEnableModule
DA:162,7
DA:163,7
FN:167,SmartAccount.setFallbackHandler
FNDA:0,SmartAccount.setFallbackHandler
DA:168,0
DA:169,0
FN:173,SmartAccount.getImplementation
FNDA:0,SmartAccount.getImplementation
DA:180,0
FN:185,SmartAccount.supportsInterface
FNDA:0,SmartAccount.supportsInterface
DA:188,0
FN:192,SmartAccount.updateImplementation
FNDA:0,SmartAccount.updateImplementation
DA:195,0
DA:196,0
BRDA:196,3,0,-
BRDA:196,3,1,-
DA:197,0
BRDA:197,4,0,-
BRDA:197,4,1,-
DA:198,0
DA:200,0
DA:203,0
DA:206,0
FN:212,SmartAccount.execute_ncC
FNDA:0,SmartAccount.execute_ncC
DA:217,116
DA:218,116
FN:222,SmartAccount.executeBatch_y6U
FNDA:0,SmartAccount.executeBatch_y6U
DA:227,0
DA:229,0
DA:230,0
DA:231,0
BRDA:228,5,0,-
BRDA:228,5,1,-
DA:233,0
DA:240,0
DA:241,0
DA:243,0
FN:251,SmartAccount.addDeposit
FNDA:0,SmartAccount.addDeposit
DA:252,0
FN:256,SmartAccount.withdrawDepositTo
FNDA:0,SmartAccount.withdrawDepositTo
DA:260,0
DA:261,0
FN:265,SmartAccount.disableModule
FNDA:0,SmartAccount.disableModule
DA:269,0
DA:270,0
FN:274,SmartAccount.entryPoint
FNDA:0,SmartAccount.entryPoint
DA:281,282
FN:285,SmartAccount.getDeposit
FNDA:0,SmartAccount.getDeposit
DA:286,0
FN:290,SmartAccount.isValidSignature
FNDA:9,SmartAccount.isValidSignature
DA:294,9
DA:298,9
BRDA:298,6,0,-
BRDA:298,6,1,9
DA:299,9
DA:300,9
DA:305,0
FN:310,SmartAccount.isValidSignatureUnsafe
FNDA:0,SmartAccount.isValidSignatureUnsafe
DA:314,0
DA:318,0
BRDA:318,7,0,-
BRDA:318,7,1,-
DA:319,0
DA:320,0
DA:325,0
FN:336,SmartAccount._call
FNDA:116,SmartAccount._call
DA:349,116
BRDA:349,8,0,25
FN:361,SmartAccount._requireFromEntryPointOrSelf
FNDA:42,SmartAccount._requireFromEntryPointOrSelf
DA:363,42
BRDA:362,9,0,-
BRDA:362,9,1,42
DA:365,0
FN:375,SmartAccount._requireFromEntryPoint
FNDA:116,SmartAccount._requireFromEntryPoint
DA:376,116
BRDA:376,10,0,-
BRDA:376,10,1,116
DA:377,0
FNF:22
FNH:9
LF:61
LH:24
BRF:21
BRH:8
end_of_record
TN:
SF:contracts/smart-account/base/Executor.sol
FN:18,Executor._execute
FNDA:10,Executor._execute
DA:25,10
BRDA:25,0,0,-
BRDA:25,0,1,10
DA:27,0
DA:38,10
DA:49,10
BRDA:49,1,0,7
BRDA:49,1,1,3
DA:50,3
FNF:1
FNH:1
LF:5
LH:4
BRF:4
BRH:3
end_of_record
TN:
SF:contracts/smart-account/base/FallbackManager.sol
FN:19,FallbackManager.
FNDA:0,FallbackManager.
DA:20,0
DA:24,0
BRDA:24,0,0,-
DA:42,0
BRDA:42,1,0,-
FN:53,FallbackManager.getFallbackHandler
FNDA:0,FallbackManager.getFallbackHandler
DA:60,55
FN:69,FallbackManager._setFallbackHandler
FNDA:55,FallbackManager._setFallbackHandler
DA:70,55
BRDA:70,2,0,-
BRDA:70,2,1,55
DA:71,55
DA:74,55
DA:77,55
FNF:3
FNH:1
LF:8
LH:5
BRF:4
BRH:1
end_of_record
TN:
SF:contracts/smart-account/base/ModuleManager.sol
FN:27,ModuleManager.getModulesPaginated
FNDA:0,ModuleManager.getModulesPaginated
DA:32,0
DA:35,0
DA:36,0
DA:38,0
DA:39,0
DA:40,0
DA:42,0
DA:43,0
DA:44,0
DA:46,0
FN:55,ModuleManager.execTransactionFromModule
FNDA:0,ModuleManager.execTransactionFromModule
DA:64,10
BRDA:63,0,0,-
BRDA:63,0,1,10
DA:65,0
DA:68,10
DA:69,10
FN:79,ModuleManager.execTransactionFromModule
FNDA:2,ModuleManager.execTransactionFromModule
DA:85,2
FN:89,ModuleManager.execTransactionFromModuleReturnData
FNDA:0,ModuleManager.execTransactionFromModuleReturnData
DA:96,8
DA:109,8
FN:114,ModuleManager.execTransactionFromModuleReturnData
FNDA:8,ModuleManager.execTransactionFromModuleReturnData
DA:120,8
DA:121,8
FN:125,ModuleManager.execBatchTransactionFromModule
FNDA:0,ModuleManager.execBatchTransactionFromModule
DA:132,0
DA:133,0
DA:134,0
DA:135,0
BRDA:131,1,0,-
BRDA:131,1,1,-
DA:137,0
DA:147,0
BRDA:146,2,0,-
BRDA:146,2,1,-
DA:148,0
DA:150,0
DA:152,0
DA:160,0
FN:166,ModuleManager.isModuleEnabled
FNDA:15,ModuleManager.isModuleEnabled
DA:169,15
FN:178,ModuleManager._enableModule
FNDA:42,ModuleManager._enableModule
DA:180,42
BRDA:180,3,0,1
BRDA:180,3,1,41
DA:181,1
DA:184,41
BRDA:184,4,0,-
BRDA:184,4,1,41
DA:186,41
DA:187,41
DA:189,41
FN:196,ModuleManager._setupAndEnableModule
FNDA:7,ModuleManager._setupAndEnableModule
DA:200,7
DA:201,7
DA:202,6
FN:217,ModuleManager._disableModule
FNDA:0,ModuleManager._disableModule
DA:222,0
BRDA:222,5,0,-
BRDA:222,5,1,-
DA:223,0
DA:226,0
DA:227,0
BRDA:225,6,0,-
BRDA:225,6,1,-
DA:228,0
DA:229,0
BRDA:229,7,0,-
BRDA:229,7,1,-
DA:230,0
DA:236,0
DA:237,0
DA:238,0
FN:249,ModuleManager._executeFromModule
FNDA:10,ModuleManager._executeFromModule
DA:256,10
DA:257,10
BRDA:257,8,0,7
BRDA:257,8,1,3
DA:258,7
DA:259,7
DA:261,3
FN:270,ModuleManager._initialSetupModules
FNDA:55,ModuleManager._initialSetupModules
DA:274,55
DA:281,55
DA:282,55
BRDA:280,9,0,-
BRDA:280,9,1,55
DA:284,0
DA:287,55
DA:288,55
DA:289,55
FN:300,ModuleManager._setupModule
FNDA:62,ModuleManager._setupModule
DA:304,62
BRDA:304,10,0,-
BRDA:304,10,1,62
DA:317,62
BRDA:317,11,0,-
DA:320,62
FNF:13
FNH:8
LF:64
LH:32
BRF:23
BRH:8
end_of_record
TN:
SF:contracts/smart-account/common/SelfAuthorized.sol
FN:26,SelfAuthorized._requireSelfCall
FNDA:0,SelfAuthorized._requireSelfCall
DA:27,0
BRDA:27,0,0,-
BRDA:27,0,1,-
FNF:1
FNH:0
LF:1
LH:0
BRF:2
BRH:0
end_of_record
TN:
SF:contracts/smart-account/common/Stakeable.sol
FN:23,Stakeable.addStake
FNDA:0,Stakeable.addStake
DA:27,0
BRDA:27,0,0,-
BRDA:27,0,1,-
DA:28,0
FN:36,Stakeable.unlockStake
FNDA:0,Stakeable.unlockStake
DA:37,0
BRDA:37,1,0,-
BRDA:37,1,1,-
DA:38,0
FN:47,Stakeable.withdrawStake
FNDA:0,Stakeable.withdrawStake
DA:51,0
BRDA:51,2,0,-
BRDA:51,2,1,-
DA:52,0
FNF:3
FNH:0
LF:6
LH:0
BRF:6
BRH:0
end_of_record
TN:
SF:contracts/smart-account/factory/SmartAccountFactory.sol
FN:33,SmartAccountFactory.getAddressForCounterFactualAccount
FNDA:0,SmartAccountFactory.getAddressForCounterFactualAccount
DA:39,0
DA:43,0
DA:47,0
DA:50,0
DA:53,0
FN:57,SmartAccountFactory.deployCounterFactualAccount
FNDA:55,SmartAccountFactory.deployCounterFactualAccount
DA:63,55
DA:67,55
DA:71,55
DA:77,55
DA:84,55
BRDA:84,0,0,-
BRDA:84,0,1,55
DA:86,55
DA:100,55
BRDA:100,1,0,-
DA:103,55
DA:105,55
FN:109,SmartAccountFactory.deployAccount
FNDA:0,SmartAccountFactory.deployAccount
DA:113,0
DA:119,0
DA:125,0
BRDA:125,2,0,-
BRDA:125,2,1,-
DA:127,0
DA:131,0
DA:145,0
BRDA:145,3,0,-
DA:148,0
DA:150,0
FN:154,SmartAccountFactory.accountCreationCode
FNDA:0,SmartAccountFactory.accountCreationCode
DA:155,0
FN:164,SmartAccountFactory._getInitializer
FNDA:55,SmartAccountFactory._getInitializer
DA:168,55
DA:169,55
FNF:5
FNH:2
LF:25
LH:11
BRF:6
BRH:1
end_of_record
TN:
SF:contracts/smart-account/handler/DefaultCallbackHandler.sol
FN:26,DefaultCallbackHandler.
FNDA:0,DefaultCallbackHandler.
DA:27,0
FN:36,DefaultCallbackHandler.supportsInterface
FNDA:0,DefaultCallbackHandler.supportsInterface
DA:39,0
DA:40,0
DA:41,0
DA:42,0
DA:43,0
FN:50,DefaultCallbackHandler.onERC1155Received
FNDA:0,DefaultCallbackHandler.onERC1155Received
DA:57,0
FN:64,DefaultCallbackHandler.onERC1155BatchReceived
FNDA:0,DefaultCallbackHandler.onERC1155BatchReceived
DA:71,0
FN:78,DefaultCallbackHandler.onERC721Received
FNDA:0,DefaultCallbackHandler.onERC721Received
DA:84,0
FN:91,DefaultCallbackHandler.tokensReceived
FNDA:0,DefaultCallbackHandler.tokensReceived
FNF:6
FNH:0
LF:9
LH:0
BRF:0
BRH:0
end_of_record
TN:
SF:contracts/smart-account/libs/LibAddress.sol
FN:11,LibAddress.isContract
FNDA:0,LibAddress.isContract
DA:12,0
DA:15,0
DA:17,0
FNF:1
FNH:0
LF:3
LH:0
BRF:0
BRH:0
end_of_record
TN:
SF:contracts/smart-account/modules/EcdsaOwnershipRegistryModule.sol
FN:38,EcdsaOwnershipRegistryModule.initForSmartAccount
FNDA:61,EcdsaOwnershipRegistryModule.initForSmartAccount
DA:41,61
BRDA:41,0,0,-
BRDA:41,0,1,61
DA:42,0
DA:44,61
BRDA:44,1,0,-
BRDA:44,1,1,61
DA:45,61
DA:46,61
FN:50,EcdsaOwnershipRegistryModule.transferOwnership
FNDA:0,EcdsaOwnershipRegistryModule.transferOwnership
DA:51,0
BRDA:51,2,0,-
BRDA:51,2,1,-
DA:52,0
BRDA:52,3,0,-
BRDA:52,3,1,-
DA:53,0
FN:57,EcdsaOwnershipRegistryModule.renounceOwnership
FNDA:0,EcdsaOwnershipRegistryModule.renounceOwnership
DA:58,0
FN:62,EcdsaOwnershipRegistryModule.getOwner
FNDA:10,EcdsaOwnershipRegistryModule.getOwner
DA:65,10
DA:66,10
BRDA:66,4,0,-
BRDA:66,4,1,10
DA:67,0
DA:69,10
FN:73,EcdsaOwnershipRegistryModule.validateUserOp
FNDA:109,EcdsaOwnershipRegistryModule.validateUserOp
DA:77,109
DA:81,109
BRDA:81,5,0,109
BRDA:81,5,1,-
DA:82,109
DA:84,0
FN:96,EcdsaOwnershipRegistryModule.isValidSignature
FNDA:9,EcdsaOwnershipRegistryModule.isValidSignature
DA:100,9
DA:101,9
FN:105,EcdsaOwnershipRegistryModule.isValidSignatureForAddress
FNDA:0,EcdsaOwnershipRegistryModule.isValidSignatureForAddress
DA:111,9
BRDA:110,6,0,9
BRDA:110,6,1,-
DA:123,9
DA:125,0
FN:129,EcdsaOwnershipRegistryModule.isValidSignatureUnsafe
FNDA:0,EcdsaOwnershipRegistryModule.isValidSignatureUnsafe
DA:133,0
DA:134,0
FN:142,EcdsaOwnershipRegistryModule.isValidSignatureForAddressUnsafe
FNDA:0,EcdsaOwnershipRegistryModule.isValidSignatureForAddressUnsafe
DA:147,0
BRDA:147,7,0,-
BRDA:147,7,1,-
DA:148,0
DA:150,0
FN:157,EcdsaOwnershipRegistryModule._transferOwnership
FNDA:0,EcdsaOwnershipRegistryModule._transferOwnership
DA:161,0
DA:162,0
DA:163,0
FN:177,EcdsaOwnershipRegistryModule._verifySignature
FNDA:118,EcdsaOwnershipRegistryModule._verifySignature
DA:182,118
DA:183,118
BRDA:183,8,0,-
BRDA:183,8,1,118
DA:184,0
DA:186,118
BRDA:186,9,0,-
BRDA:186,9,1,118
DA:187,118
DA:190,118
BRDA:190,10,0,-
BRDA:190,10,1,118
DA:191,0
DA:193,118
DA:194,118
BRDA:194,11,0,118
BRDA:194,11,1,-
DA:195,118
DA:197,0
FN:204,EcdsaOwnershipRegistryModule._isSmartContract
FNDA:0,EcdsaOwnershipRegistryModule._isSmartContract
DA:205,0
DA:207,0
DA:209,0
FNF:12
FNH:5
LF:44
LH:22
BRF:24
BRH:9
end_of_record
TN:
SF:contracts/smart-account/modules/MultichainECDSAValidator.sol
FN:35,MultichainECDSAValidator.validateUserOp
FNDA:0,MultichainECDSAValidator.validateUserOp
DA:39,0
DA:44,0
DA:47,0
DA:50,0
BRDA:50,0,0,-
BRDA:50,0,1,-
DA:52,0
DA:53,0
DA:63,0
DA:69,0
DA:75,0
DA:79,0
BRDA:79,1,0,-
BRDA:79,1,1,-
DA:80,0
DA:83,0
DA:84,0
FNF:1
FNH:0
LF:13
LH:0
BRF:4
BRH:0
end_of_record
TN:
SF:contracts/smart-account/modules/SecurityPolicies/ERC7484SecurityPolicy.sol
FN:23,ERC7484SecurityPolicyPlugin.setConfiguration
FNDA:7,ERC7484SecurityPolicyPlugin.setConfiguration
DA:26,7
DA:27,7
FN:31,ERC7484SecurityPolicyPlugin.validateSecurityPolicy
FNDA:4,ERC7484SecurityPolicyPlugin.validateSecurityPolicy
DA:35,4
DA:38,4
DA:39,3
BRDA:37,0,0,1
BRDA:37,0,1,3
DA:41,1
DA:44,3
FN:52,ERC7484SecurityPolicyPlugin.configuration
FNDA:9,ERC7484SecurityPolicyPlugin.configuration
DA:55,9
FNF:3
FNH:3
LF:8
LH:8
BRF:2
BRH:2
end_of_record
TN:
SF:contracts/smart-account/modules/SecurityPolicyManagerPlugin.sol
FN:23,SecurityPolicyManagerPlugin.checkSetupAndEnableModule
FNDA:9,SecurityPolicyManagerPlugin.checkSetupAndEnableModule
DA:29,9
DA:30,9
DA:55,9
DA:58,9
DA:61,9
DA:66,9
DA:69,9
DA:72,9
DA:83,9
DA:100,8
BRDA:100,0,0,2
BRDA:100,0,1,6
DA:101,2
DA:105,6
BRDA:105,1,0,-
BRDA:105,1,1,6
DA:106,0
DA:110,6
DA:112,2
FN:116,SecurityPolicyManagerPlugin.checkAndEnableModule
FNDA:5,SecurityPolicyManagerPlugin.checkAndEnableModule
DA:120,5
BRDA:120,2,0,1
BRDA:120,2,1,4
DA:121,1
DA:125,4
DA:140,3
DA:141,3
DA:148,3
DA:151,3
DA:154,3
DA:157,3
DA:160,3
DA:165,3
DA:168,3
DA:171,3
DA:183,3
DA:198,2
BRDA:198,3,0,1
BRDA:198,3,1,1
DA:199,1
DA:202,1
FN:208,SecurityPolicyManagerPlugin.enableSecurityPolicy
FNDA:11,SecurityPolicyManagerPlugin.enableSecurityPolicy
DA:212,11
DA:213,10
BRDA:211,4,0,2
BRDA:211,4,1,9
DA:215,2
DA:218,9
DA:223,9
BRDA:223,5,0,1
BRDA:223,5,1,8
DA:224,1
DA:227,8
DA:228,8
DA:231,8
DA:233,8
FN:237,SecurityPolicyManagerPlugin.enableSecurityPolicies
FNDA:27,SecurityPolicyManagerPlugin.enableSecurityPolicies
DA:240,27
DA:245,27
DA:247,27
BRDA:247,6,0,1
BRDA:247,6,1,26
DA:248,1
DA:251,26
DA:253,26
DA:254,90
DA:256,90
BRDA:256,7,0,2
BRDA:256,7,1,88
DA:257,2
DA:260,88
BRDA:260,8,0,1
BRDA:260,8,1,87
DA:261,1
DA:264,87
DA:267,87
DA:269,87
DA:272,87
DA:276,23
FN:280,SecurityPolicyManagerPlugin.disableSecurityPolicy
FNDA:6,SecurityPolicyManagerPlugin.disableSecurityPolicy
DA:285,6
DA:286,5
BRDA:284,9,0,2
BRDA:284,9,1,4
DA:288,2
DA:291,4
DA:296,4
BRDA:296,10,0,2
BRDA:296,10,1,2
DA:297,2
DA:300,2
BRDA:300,11,0,1
BRDA:300,11,1,1
DA:301,1
DA:304,1
DA:307,1
DA:309,1
FN:314,SecurityPolicyManagerPlugin.disableSecurityPoliciesRange
FNDA:6,SecurityPolicyManagerPlugin.disableSecurityPoliciesRange
DA:319,6
DA:324,6
BRDA:324,12,0,1
BRDA:324,12,1,5
DA:325,1
DA:329,5
DA:330,5
BRDA:328,13,0,-
BRDA:328,13,1,5
DA:332,0
DA:336,5
DA:337,5
BRDA:335,14,0,-
BRDA:335,14,1,5
DA:339,0
DA:342,5
DA:346,5
DA:347,5
DA:349,14
DA:350,14
DA:352,14
DA:354,14
BRDA:354,15,0,4
BRDA:354,15,1,10
DA:355,4
DA:356,4
DA:359,10
BRDA:359,16,0,1
BRDA:359,16,1,9
DA:360,1
DA:363,9
DA:366,5
BRDA:366,17,0,1
BRDA:366,17,1,4
DA:367,1
FN:372,SecurityPolicyManagerPlugin.securityPoliciesPaginated
FNDA:29,SecurityPolicyManagerPlugin.securityPoliciesPaginated
DA:382,29
DA:383,29
DA:385,29
DA:390,29
BRDA:390,18,0,23
BRDA:390,18,1,29
DA:391,23
DA:394,29
DA:406,79
DA:407,71
DA:408,55
BRDA:396,19,0,-
BRDA:396,19,1,56
FN:418,SecurityPolicyManagerPlugin._validateSecurityPolicies
FNDA:10,SecurityPolicyManagerPlugin._validateSecurityPolicies
DA:419,10
DA:424,10
DA:428,10
DA:433,27
DA:445,22
BRDA:445,20,0,5
DA:452,17
DA:455,5
FNF:8
FNH:8
LF:108
LH:105
BRF:41
BRH:37
end_of_record
TN:
SF:contracts/smart-account/modules/SessionKeyManagers/SessionKeyManagerHybrid.sol
FN:26,SessionKeyManagerHybrid.validateUserOp
FNDA:12,SessionKeyManagerHybrid.validateUserOp
DA:32,12
DA:37,12
DA:39,12
DA:42,12
BRDA:42,0,0,-
BRDA:42,0,1,6
DA:43,9
DA:53,9
DA:68,9
DA:79,6
DA:92,3
DA:96,3
DA:98,3
DA:100,2
DA:104,2
FN:120,SessionKeyManagerHybrid.validateSessionKeySessionEnableTransaction
FNDA:0,SessionKeyManagerHybrid.validateSessionKeySessionEnableTransaction
DA:131,9
DA:133,9
BRDA:132,1,0,-
BRDA:132,1,1,9
DA:138,0
DA:148,9
DA:149,9
DA:150,9
DA:155,9
DA:157,9
DA:162,9
DA:170,9
BRDA:170,2,0,1
BRDA:170,2,1,8
DA:171,1
DA:174,8
BRDA:174,3,0,1
BRDA:174,3,1,7
DA:175,1
DA:178,7
DA:185,7
BRDA:185,4,0,1
BRDA:185,4,1,6
DA:186,1
DA:190,6
DA:196,6
DA:197,6
FN:201,SessionKeyManagerHybrid.validateSessionKeyPreEnabled
FNDA:0,SessionKeyManagerHybrid.validateSessionKeyPreEnabled
DA:205,3
BRDA:205,5,0,1
BRDA:205,5,1,2
FNF:3
FNH:1
LF:33
LH:32
BRF:12
BRH:10
end_of_record
TN:
SF:contracts/smart-account/modules/SessionKeyManagers/SessionKeyManagerStateful.sol
FN:23,SessionKeyManagerStateful.validateUserOp
FNDA:3,SessionKeyManagerStateful.validateUserOp
DA:28,3
DA:33,3
DA:36,3
DA:38,2
DA:42,2
FN:57,SessionKeyManagerStateful.enableSession
FNDA:4,SessionKeyManagerStateful.enableSession
DA:58,4
DA:59,4
DA:60,4
FN:64,SessionKeyManagerStateful.validateSessionKey
FNDA:0,SessionKeyManagerStateful.validateSessionKey
DA:68,3
BRDA:68,0,0,1
BRDA:68,0,1,2
FNF:3
FNH:2
LF:9
LH:9
BRF:2
BRH:2
end_of_record
TN:
SF:contracts/smart-account/modules/SessionKeyManagers/StatefulSessionKeyManagerBase.sol
FN:32,StatefulSessionKeyManagerBase.disableSession
FNDA:2,StatefulSessionKeyManagerBase.disableSession
DA:33,2
DA:34,2
FN:38,StatefulSessionKeyManagerBase.enabledSessionsData
FNDA:9,StatefulSessionKeyManagerBase.enabledSessionsData
DA:42,9
FN:46,StatefulSessionKeyManagerBase.sessionDataDigest
FNDA:32,StatefulSessionKeyManagerBase.sessionDataDigest
DA:49,36
DA:50,36
FN:61,StatefulSessionKeyManagerBase.isValidSignature
FNDA:512,StatefulSessionKeyManagerBase.isValidSignature
DA:65,512
FN:69,StatefulSessionKeyManagerBase.isValidSignatureUnsafe
FNDA:512,StatefulSessionKeyManagerBase.isValidSignatureUnsafe
DA:73,512
FN:76,StatefulSessionKeyManagerBase._sessionDataDigestUnpacked
FNDA:7,StatefulSessionKeyManagerBase._sessionDataDigestUnpacked
DA:82,7
DA:83,7
FNF:6
FNH:6
LF:9
LH:9
BRF:0
BRH:0
end_of_record
TN:
SF:contracts/smart-account/test/mocks/MockSessionValidationModule.sol
FN:9,MockSessionValidationModule.validateSessionUserOp
FNDA:10,MockSessionValidationModule.validateSessionUserOp
DA:16,10
DA:17,10
DA:18,10
FN:22,MockSessionValidationModule.validateSessionParams
FNDA:0,MockSessionValidationModule.validateSessionParams
DA:29,0
DA:30,0
FNF:2
FNH:1
LF:5
LH:3
BRF:0
BRH:0
end_of_record
TN:
SF:contracts/smart-account/test/mocks/MockToken.sol
FN:9,MockToken.mint
FNDA:0,MockToken.mint
DA:10,0
FN:13,MockToken.decimals
FNDA:0,MockToken.decimals
DA:14,0
FNF:2
FNH:0
LF:2
LH:0
BRF:0
BRH:0
end_of_record
TN:
SF:test/foundry/base/RhinestoneTestBase.sol
FN:9,RhinestoneTestBase.setUp
FNDA:0,RhinestoneTestBase.setUp
DA:10,0
DA:11,0
DA:13,0
FNF:1
FNH:0
LF:3
LH:0
BRF:0
BRH:0
end_of_record
TN:
SF:test/foundry/base/SATestBase.sol
FN:75,SATestBase.getNextPrivateKey
FNDA:0,SATestBase.getNextPrivateKey
DA:76,0
FN:79,SATestBase.setUp
FNDA:0,SATestBase.setUp
DA:81,0
DA:82,0
DA:83,0
DA:86,0
DA:88,0
DA:92,0
DA:93,0
DA:95,0
DA:96,0
DA:98,0
DA:99,0
DA:104,0
DA:105,0
DA:107,0
DA:108,0
DA:110,0
DA:111,0
DA:113,0
DA:114,0
DA:116,0
DA:117,0
DA:119,0
DA:120,0
DA:123,0
DA:124,0
DA:127,0
DA:128,0
DA:131,0
DA:132,0
DA:134,0
DA:135,0
DA:137,0
DA:141,0
DA:144,0
DA:145,0
FN:152,SATestBase.getSmartAccountWithModule
FNDA:0,SATestBase.getSmartAccountWithModule
DA:158,0
DA:167,0
FN:170,SATestBase.getSmartAccountExecuteCalldata
FNDA:0,SATestBase.getSmartAccountExecuteCalldata
DA:175,0
FN:178,SATestBase.getUserOperationEventData
FNDA:0,SATestBase.getUserOperationEventData
DA:181,0
DA:182,0
BRDA:182,0,0,-
BRDA:182,0,1,-
DA:183,0
DA:185,0
DA:186,0
DA:187,0
DA:188,0
DA:194,0
DA:196,0
FN:199,SATestBase.getUserOperationRevertReasonEventData
FNDA:0,SATestBase.getUserOperationRevertReasonEventData
DA:202,0
DA:203,0
BRDA:203,1,0,-
BRDA:203,1,1,-
DA:204,0
DA:206,0
DA:207,0
DA:208,0
DA:212,0
DA:214,0
FN:217,SATestBase.arraifyOps
FNDA:0,SATestBase.arraifyOps
DA:220,0
DA:221,0
DA:222,0
FN:225,SATestBase.arraifyOps
FNDA:0,SATestBase.arraifyOps
DA:229,0
DA:230,0
DA:231,0
DA:232,0
FN:235,SATestBase.arraifyOps
FNDA:0,SATestBase.arraifyOps
DA:240,0
DA:241,0
DA:242,0
DA:243,0
DA:244,0
FN:248,SATestBase.getEcdsaOwnershipRegistryModuleSetupData
FNDA:0,SATestBase.getEcdsaOwnershipRegistryModuleSetupData
DA:251,0
DA:252,0
FN:259,SATestBase.makeEcdsaModuleUserOp
FNDA:0,SATestBase.makeEcdsaModuleUserOp
DA:265,0
DA:280,0
DA:281,0
DA:285,0
FNF:11
FNH:0
LF:74
LH:0
BRF:4
BRH:0
end_of_record
TN:
SF:test/foundry/module/SecurityPolicy/SecurityPolicyManagerPlugin.ModuleInstallation.t.sol
FN:26,TestSecurityPolicyPlugin.validateSecurityPolicy
FNDA:18,TestSecurityPolicyPlugin.validateSecurityPolicy
DA:30,18
DA:31,18
BRDA:31,0,0,2
BRDA:31,0,1,16
DA:32,2
FN:36,TestSecurityPolicyPlugin.setShouldRevert
FNDA:2,TestSecurityPolicyPlugin.setShouldRevert
DA:37,2
FN:42,TestSetupContractBlacklistReturn.initForSmartAccount
FNDA:0,TestSetupContractBlacklistReturn.initForSmartAccount
DA:43,0
FNF:3
FNH:2
LF:5
LH:4
BRF:2
BRH:2
end_of_record
TN:
SF:test/foundry/module/SecurityPolicy/SecurityPolicyManagerPlugin.PluginManagementTest.t.sol
FN:14,TestSecurityPolicyPlugin.validateSecurityPolicy
FNDA:0,TestSecurityPolicyPlugin.validateSecurityPolicy
DA:15,0
BRDA:15,0,0,-
BRDA:15,0,1,-
FNF:1
FNH:0
LF:1
LH:0
BRF:2
BRH:0
end_of_record
TN:
SF:test/foundry/module/SessionKeyManager/SessionKeyManagerHybrid.t.sol
FN:861,Stub.emitMessage
FNDA:7,Stub.emitMessage
DA:862,7
FNF:1
FNH:1
LF:1
LH:1
BRF:0
BRH:0
end_of_record
TN:
SF:test/foundry/module/SessionKeyManager/SessionKeyManagerStateful.t.sol
FN:401,Stub.emitMessage
FNDA:0,Stub.emitMessage
DA:402,0
FNF:1
FNH:0
LF:1
LH:0
BRF:0
BRH:0
end_of_record
